android/app/build/intermediates/manifest_merge_blame_file/debug/processDebugMainManifest/manifest-merger-blame-debug-report.txt
1<?xml version="1.0" encoding="utf-8"?>
2<manifest xmlns:android="http://schemas.android.com/apk/res/android"
3    package="com.ptitsartistes.app"
4    android:versionCode="1"
5    android:versionName="1.0" >
6
7    <uses-sdk
7-->INJECTED
8        android:minSdkVersion="26"
8-->INJECTED
9        android:targetSdkVersion="37" />
9-->INJECTED
10
11    <uses-permission android:name="android.permission.INTERNET" />
11-->src/main/AndroidManifest.xml:3:5-67
11-->src/main/AndroidManifest.xml:3:22-64
12
13    <permission
13-->[androidx.core:core:1.19.0] AndroidManifest.xml:22:5-24:47
14        android:name="com.ptitsartistes.app.DYNAMIC_RECEIVER_NOT_EXPORTED_PERMISSION"
14-->[androidx.core:core:1.19.0] AndroidManifest.xml:23:9-81
15        android:protectionLevel="signature" />
15-->[androidx.core:core:1.19.0] AndroidManifest.xml:24:9-44
16
17    <uses-permission android:name="com.ptitsartistes.app.DYNAMIC_RECEIVER_NOT_EXPORTED_PERMISSION" />
17-->[androidx.core:core:1.19.0] AndroidManifest.xml:26:5-97
17-->[androidx.core:core:1.19.0] AndroidManifest.xml:26:22-94
18
19    <application
19-->src/main/AndroidManifest.xml:5:5-23:19
20        android:name="com.ptitsartistes.app.PtitsArtistesApp"
20-->src/main/AndroidManifest.xml:6:9-41
21        android:allowBackup="true"
21-->src/main/AndroidManifest.xml:7:9-35
22        android:appComponentFactory="androidx.core.app.CoreComponentFactory"
22-->[androidx.core:core:1.19.0] AndroidManifest.xml:28:18-86
23        android:debuggable="true"
24        android:extractNativeLibs="false"
24-->INJECTED
25        android:icon="@mipmap/ic_launcher"
25-->src/main/AndroidManifest.xml:8:9-43
26        android:label="@string/app_name"
26-->src/main/AndroidManifest.xml:9:9-41
27        android:networkSecurityConfig="@xml/network_security_config"
27-->src/main/AndroidManifest.xml:10:9-69
28        android:testOnly="true"
29        android:theme="@style/Theme.PtitsArtistes"
29-->src/main/AndroidManifest.xml:11:9-51
30        android:usesCleartextTraffic="true" >
30-->src/main/AndroidManifest.xml:12:9-44
31        <activity
31-->src/main/AndroidManifest.xml:14:9-22:20
32            android:name="com.ptitsartistes.app.MainActivity"
32-->src/main/AndroidManifest.xml:15:13-41
33            android:exported="true"
33-->src/main/AndroidManifest.xml:16:13-36
34            android:theme="@style/Theme.PtitsArtistes" >
34-->src/main/AndroidManifest.xml:17:13-55
35            <intent-filter>
35-->src/main/AndroidManifest.xml:18:13-21:29
36                <action android:name="android.intent.action.MAIN" />
36-->src/main/AndroidManifest.xml:19:17-69
36-->src/main/AndroidManifest.xml:19:25-66
37
38                <category android:name="android.intent.category.LAUNCHER" />
38-->src/main/AndroidManifest.xml:20:17-77
38-->src/main/AndroidManifest.xml:20:27-74
39            </intent-filter>
40        </activity>
41        <activity
41-->[androidx.compose.ui:ui-tooling-android:1.12.0] AndroidManifest.xml:23:9-25:39
42            android:name="androidx.compose.ui.tooling.PreviewActivity"
42-->[androidx.compose.ui:ui-tooling-android:1.12.0] AndroidManifest.xml:24:13-71
43            android:exported="true" />
43-->[androidx.compose.ui:ui-tooling-android:1.12.0] AndroidManifest.xml:25:13-36
44
45        <uses-library
45-->[androidx.window:window:1.5.0] AndroidManifest.xml:23:9-25:40
46            android:name="androidx.window.extensions"
46-->[androidx.window:window:1.5.0] AndroidManifest.xml:24:13-54
47            android:required="false" />
47-->[androidx.window:window:1.5.0] AndroidManifest.xml:25:13-37
48        <uses-library
48-->[androidx.window:window:1.5.0] AndroidManifest.xml:26:9-28:40
49            android:name="androidx.window.sidecar"
49-->[androidx.window:window:1.5.0] AndroidManifest.xml:27:13-51
50            android:required="false" />
50-->[androidx.window:window:1.5.0] AndroidManifest.xml:28:13-37
51
52        <provider
52-->[androidx.emoji2:emoji2:1.4.0] AndroidManifest.xml:24:9-32:20
53            android:name="androidx.startup.InitializationProvider"
53-->[androidx.emoji2:emoji2:1.4.0] AndroidManifest.xml:25:13-67
54            android:authorities="com.ptitsartistes.app.androidx-startup"
54-->[androidx.emoji2:emoji2:1.4.0] AndroidManifest.xml:26:13-68
55            android:exported="false" >
55-->[androidx.emoji2:emoji2:1.4.0] AndroidManifest.xml:27:13-37
56            <meta-data
56-->[androidx.emoji2:emoji2:1.4.0] AndroidManifest.xml:29:13-31:52
57                android:name="androidx.emoji2.text.EmojiCompatInitializer"
57-->[androidx.emoji2:emoji2:1.4.0] AndroidManifest.xml:30:17-75
58                android:value="androidx.startup" />
58-->[androidx.emoji2:emoji2:1.4.0] AndroidManifest.xml:31:17-49
59            <meta-data
59-->[androidx.lifecycle:lifecycle-process:2.11.0] AndroidManifest.xml:29:13-31:52
60                android:name="androidx.lifecycle.ProcessLifecycleInitializer"
60-->[androidx.lifecycle:lifecycle-process:2.11.0] AndroidManifest.xml:30:17-78
61                android:value="androidx.startup" />
61-->[androidx.lifecycle:lifecycle-process:2.11.0] AndroidManifest.xml:31:17-49
62            <meta-data
62-->[com.squareup.okhttp3:okhttp-android:5.5.0] AndroidManifest.xml:16:13-18:52
63                android:name="okhttp3.internal.platform.PlatformInitializer"
63-->[com.squareup.okhttp3:okhttp-android:5.5.0] AndroidManifest.xml:17:17-77
64                android:value="androidx.startup" />
64-->[com.squareup.okhttp3:okhttp-android:5.5.0] AndroidManifest.xml:18:17-49
65            <meta-data
65-->[androidx.profileinstaller:profileinstaller:1.4.1] AndroidManifest.xml:29:13-31:52
66                android:name="androidx.profileinstaller.ProfileInstallerInitializer"
66-->[androidx.profileinstaller:profileinstaller:1.4.1] AndroidManifest.xml:30:17-85
67                android:value="androidx.startup" />
67-->[androidx.profileinstaller:profileinstaller:1.4.1] AndroidManifest.xml:31:17-49
68        </provider>
69
70        <receiver
70-->[androidx.profileinstaller:profileinstaller:1.4.1] AndroidManifest.xml:34:9-52:20
71            android:name="androidx.profileinstaller.ProfileInstallReceiver"
71-->[androidx.profileinstaller:profileinstaller:1.4.1] AndroidManifest.xml:35:13-76
72            android:directBootAware="false"
72-->[androidx.profileinstaller:profileinstaller:1.4.1] AndroidManifest.xml:36:13-44
73            android:enabled="true"
73-->[androidx.profileinstaller:profileinstaller:1.4.1] AndroidManifest.xml:37:13-35
74            android:exported="true"
74-->[androidx.profileinstaller:profileinstaller:1.4.1] AndroidManifest.xml:38:13-36
75            android:permission="android.permission.DUMP" >
75-->[androidx.profileinstaller:profileinstaller:1.4.1] AndroidManifest.xml:39:13-57
76            <intent-filter>
76-->[androidx.profileinstaller:profileinstaller:1.4.1] AndroidManifest.xml:40:13-42:29
77                <action android:name="androidx.profileinstaller.action.INSTALL_PROFILE" />
77-->[androidx.profileinstaller:profileinstaller:1.4.1] AndroidManifest.xml:41:17-91
77-->[androidx.profileinstaller:profileinstaller:1.4.1] AndroidManifest.xml:41:25-88
78            </intent-filter>
79            <intent-filter>
79-->[androidx.profileinstaller:profileinstaller:1.4.1] AndroidManifest.xml:43:13-45:29
80                <action android:name="androidx.profileinstaller.action.SKIP_FILE" />
80-->[androidx.profileinstaller:profileinstaller:1.4.1] AndroidManifest.xml:44:17-85
80-->[androidx.profileinstaller:profileinstaller:1.4.1] AndroidManifest.xml:44:25-82
81            </intent-filter>
82            <intent-filter>
82-->[androidx.profileinstaller:profileinstaller:1.4.1] AndroidManifest.xml:46:13-48:29
83                <action android:name="androidx.profileinstaller.action.SAVE_PROFILE" />
83-->[androidx.profileinstaller:profileinstaller:1.4.1] AndroidManifest.xml:47:17-88
83-->[androidx.profileinstaller:profileinstaller:1.4.1] AndroidManifest.xml:47:25-85
84            </intent-filter>
85            <intent-filter>
85-->[androidx.profileinstaller:profileinstaller:1.4.1] AndroidManifest.xml:49:13-51:29
86                <action android:name="androidx.profileinstaller.action.BENCHMARK_OPERATION" />
86-->[androidx.profileinstaller:profileinstaller:1.4.1] AndroidManifest.xml:50:17-95
86-->[androidx.profileinstaller:profileinstaller:1.4.1] AndroidManifest.xml:50:25-92
87            </intent-filter>
88        </receiver>
89    </application>
90
91</manifest>